{"logTime": "0612/132132", "correlationVector":"WCQxrUM2OrVA0fxlHtUT5b.1","action":"SyncServerConnectionManagerRequest", "result":"SYNC_SERVER_OK", "context":{"environment":"Prod_southindia_prod-s01-004-apac-southindia", "migrationStage":"NotStarted", "server":"akswtt105000040"}}
{"logTime": "0612/132132", "correlationVector":"WCQxrUM2OrVA0fxlHtUT5b.2","action":"ProcessGetUpdates", "result":"Done", "context":{"dataType":"Encryption Keys", "deleted":"0", "process_failed_to_decrypt":"0", "process_pending_decryption":"0", "process_success":"1", "total":"1"}}
{"logTime": "0612/132133", "correlationVector":"ui8nJPUHbbt4Wli4u+KEsQ","action":"SyncServerConnectionManagerRequest", "result":"SYNC_SERVER_OK", "context":{"environment":"", "migrationStage":"", "server":""}}
{"logTime": "0612/132133", "correlationVector":"ui8nJPUHbbt4Wli4u+KEsQ.0","action":"EncryptionKeysFetcher.DownloadKeys:", "result":"Success", "context":Key count: 3, Last key timestamp: 2025-12-24T04:31:24Z}
{"logTime": "0612/132133", "correlationVector":"ui8nJPUHbbt4Wli4u+KEsQ.1","action":"EncryptionKeysManager::SetEncryptionKeys:", "result":"Success", "context":Key names[3]:[0QzXmSXDpH+9Wx7QMBQ6dwZjMSXgfFfn3Pi6aOWNDHcWrzcuwbw7PiuPHputDkMTbimT2iUjAUF6cQYo7pE+tg==][fbKNclCeo8YSkapaQh7rFogLyzR2MezzF5GqxQkW4k5GuTQT9O9QzUxUNxgaFBrgC1l1JCV4meJdd0abedzxWw==][YqXZgm9X+Rl0luOn7rH5aHK/GgXS56gxfyIQUCrsEYzaA5JwcrLxLGhDJ/ghhD1B66AOurg0VeR00DnGuyrx3A==]}
{"logTime": "0612/132133", "correlationVector":"ui8nJPUHbbt4Wli4u+KEsQ.2","action":"EncryptionKeysManager::SetEncryptionKeysWithTimestamps:", "result":"Success", "context":Key timestamps[3]:[2024-12-28T06:42:46Z][2025-06-26T16:32:04Z][2025-12-24T04:31:24Z]}
{"logTime": "0612/132133", "correlationVector":"WCQxrUM2OrVA0fxlHtUT5b","action":"Initial GetUpdates", "result":"", "context":Reason: NEW_CLIENT. cV=WCQxrUM2OrVA0fxlHtUT5b}
{"logTime": "0612/132133", "correlationVector":"WCQxrUM2OrVA0fxlHtUT5b.3","action":"GetUpdates Response", "result":"Success", "context":Received 1 update(s). cV=WCQxrUM2OrVA0fxlHtUT5b.0;server=akswtt105000040;cloudType=Consumer;environment=Prod_southindia_prod-s01-004-apac-southindia;migrationStage=NotStarted}
{"logTime": "0612/132133", "correlationVector":"fS4W1Ai1XLXhomv3+8AyUX","action":"Initial GetUpdates", "result":"", "context":Reason: NEWLY_SUPPORTED_DATATYPE. cV=fS4W1Ai1XLXhomv3+8AyUX}
{"logTime": "0612/132133", "correlationVector":"fS4W1Ai1XLXhomv3+8AyUX.1","action":"SyncServerConnectionManagerRequest", "result":"SYNC_SERVER_OK", "context":{"environment":"Prod_southindia_prod-s01-004-apac-southindia", "migrationStage":"NotStarted", "server":"akswtt10500003g"}}
{"logTime": "0612/132133", "correlationVector":"fS4W1Ai1XLXhomv3+8AyUX.2","action":"ProcessGetUpdates", "result":"Done", "context":{"dataType":"Preferences", "deleted":"0", "process_failed_to_decrypt":"0", "process_pending_decryption":"0", "process_success":"74", "total":"74"}}
{"logTime": "0612/132133", "correlationVector":"fS4W1Ai1XLXhomv3+8AyUX.3","action":"ProcessGetUpdates", "result":"Done", "context":{"dataType":"Passwords", "deleted":"0", "process_failed_to_decrypt":"0", "process_pending_decryption":"0", "process_success":"28", "total":"28"}}
{"logTime": "0612/132133", "correlationVector":"fS4W1Ai1XLXhomv3+8AyUX.4","action":"ProcessGetUpdates", "result":"Done", "context":{"dataType":"Device Info", "deleted":"0", "process_failed_to_decrypt":"0", "process_pending_decryption":"0", "process_success":"3", "total":"3"}}
{"logTime": "0612/132133", "correlationVector":"fS4W1Ai1XLXhomv3+8AyUX.5","action":"GetUpdates Response", "result":"Success", "context":Received 105 update(s). cV=fS4W1Ai1XLXhomv3+8AyUX.0;server=akswtt10500003g;cloudType=Consumer;environment=Prod_southindia_prod-s01-004-apac-southindia;migrationStage=NotStarted}
{"logTime": "0612/132133", "correlationVector":"Kqotmb5Vyd+uZteR6EZ8jk","action":"Initial GetUpdates", "result":"", "context":Reason: NEWLY_SUPPORTED_DATATYPE. cV=Kqotmb5Vyd+uZteR6EZ8jk}
{"logTime": "0612/132133", "correlationVector":"Kqotmb5Vyd+uZteR6EZ8jk.1","action":"SyncServerConnectionManagerRequest", "result":"SYNC_SERVER_OK", "context":{"environment":"Prod_southindia_prod-s01-004-apac-southindia", "migrationStage":"NotStarted", "server":"akswtt105000057"}}
{"logTime": "0612/132133", "correlationVector":"Kqotmb5Vyd+uZteR6EZ8jk.2","action":"ProcessGetUpdates", "result":"Done", "context":{"dataType":"Bookmarks", "deleted":"2", "process_failed_to_decrypt":"0", "process_pending_decryption":"0", "process_success":"9", "total":"9"}}
{"logTime": "0612/132133", "correlationVector":"Kqotmb5Vyd+uZteR6EZ8jk.3","action":"GetUpdates Response", "result":"Success", "context":Received 9 update(s). cV=Kqotmb5Vyd+uZteR6EZ8jk.0;server=akswtt105000057;cloudType=Consumer;environment=Prod_southindia_prod-s01-004-apac-southindia;migrationStage=NotStarted}
{"logTime": "0612/132133", "correlationVector":"VsUHV146/o3VLTGMYJ2LUG","action":"Initial GetUpdates", "result":"", "context":Reason: NEWLY_SUPPORTED_DATATYPE. cV=VsUHV146/o3VLTGMYJ2LUG}
{"logTime": "0612/132134", "correlationVector":"VsUHV146/o3VLTGMYJ2LUG.1","action":"SyncServerConnectionManagerRequest", "result":"SYNC_SERVER_OK", "context":{"environment":"Prod_southindia_prod-s01-004-apac-southindia", "migrationStage":"NotStarted", "server":"akswtt10500006q"}}
{"logTime": "0612/132134", "correlationVector":"VsUHV146/o3VLTGMYJ2LUG.2","action":"ProcessGetUpdates", "result":"Done", "context":{"dataType":"Autofill Profiles", "deleted":"0", "process_failed_to_decrypt":"0", "process_pending_decryption":"0", "process_success":"1", "total":"1"}}
{"logTime": "0612/132134", "correlationVector":"VsUHV146/o3VLTGMYJ2LUG.3","action":"ProcessGetUpdates", "result":"Done", "context":{"dataType":"Autofill", "deleted":"0", "process_failed_to_decrypt":"0", "process_pending_decryption":"0", "process_success":"246", "total":"246"}}
{"logTime": "0612/132134", "correlationVector":"VsUHV146/o3VLTGMYJ2LUG.4","action":"ProcessGetUpdates", "result":"Done", "context":{"dataType":"Saved Tab Group", "deleted":"3", "process_failed_to_decrypt":"0", "process_pending_decryption":"0", "process_success":"3", "total":"3"}}
{"logTime": "0612/132134", "correlationVector":"VsUHV146/o3VLTGMYJ2LUG.5","action":"GetUpdates Response", "result":"Success", "context":Received 250 update(s). cV=VsUHV146/o3VLTGMYJ2LUG.0;server=akswtt10500006q;cloudType=Consumer;environment=Prod_southindia_prod-s01-004-apac-southindia;migrationStage=NotStarted Some updates remain.}
{"logTime": "0612/132134", "correlationVector":"pAPczZzIKV3yE1vBg/Qy/t","action":"Initial GetUpdates", "result":"", "context":Reason: NEWLY_SUPPORTED_DATATYPE. cV=pAPczZzIKV3yE1vBg/Qy/t}
{"logTime": "0612/132135", "correlationVector":"pAPczZzIKV3yE1vBg/Qy/t.1","action":"SyncServerConnectionManagerRequest", "result":"SYNC_SERVER_OK", "context":{"environment":"Prod_southindia_prod-s01-004-apac-southindia", "migrationStage":"NotStarted", "server":"akswtt10500006e"}}
{"logTime": "0612/132135", "correlationVector":"pAPczZzIKV3yE1vBg/Qy/t.2","action":"ProcessGetUpdates", "result":"Done", "context":{"dataType":"Autofill Profiles", "deleted":"0", "process_failed_to_decrypt":"0", "process_pending_decryption":"0", "process_success":"2", "total":"2"}}
{"logTime": "0612/132135", "correlationVector":"pAPczZzIKV3yE1vBg/Qy/t.3","action":"ProcessGetUpdates", "result":"Done", "context":{"dataType":"Autofill", "deleted":"0", "process_failed_to_decrypt":"0", "process_pending_decryption":"0", "process_success":"38", "total":"38"}}
{"logTime": "0612/132135", "correlationVector":"pAPczZzIKV3yE1vBg/Qy/t.4","action":"ProcessGetUpdates", "result":"Done", "context":{"dataType":"Sessions", "deleted":"165", "process_failed_to_decrypt":"0", "process_pending_decryption":"0", "process_success":"166", "total":"166"}}
{"logTime": "0612/132135", "correlationVector":"pAPczZzIKV3yE1vBg/Qy/t.5","action":"ProcessGetUpdates", "result":"Done", "context":{"dataType":"Saved Tab Group", "deleted":"5", "process_failed_to_decrypt":"0", "process_pending_decryption":"0", "process_success":"5", "total":"5"}}
{"logTime": "0612/132135", "correlationVector":"pAPczZzIKV3yE1vBg/Qy/t.6","action":"ProcessGetUpdates", "result":"Done", "context":{"dataType":"Edge Hub App Usage", "deleted":"8", "process_failed_to_decrypt":"0", "process_pending_decryption":"0", "process_success":"18", "total":"18"}}
{"logTime": "0612/132135", "correlationVector":"pAPczZzIKV3yE1vBg/Qy/t.7","action":"GetUpdates Response", "result":"Success", "context":Received 229 update(s). cV=pAPczZzIKV3yE1vBg/Qy/t.0;server=akswtt10500006e;cloudType=Consumer;environment=Prod_southindia_prod-s01-004-apac-southindia;migrationStage=NotStarted}
{"logTime": "0612/132135", "correlationVector":"7cCTlAbayKuYYqORxiuNKQ","action":"Initial GetUpdates", "result":"", "context":Reason: NEWLY_SUPPORTED_DATATYPE. cV=7cCTlAbayKuYYqORxiuNKQ}
{"logTime": "0612/132137", "correlationVector":"7cCTlAbayKuYYqORxiuNKQ.1","action":"SyncServerConnectionManagerRequest", "result":"SYNC_SERVER_OK", "context":{"environment":"Prod_southindia_prod-s01-004-apac-southindia", "migrationStage":"NotStarted", "server":"akswtt10500005b"}}
{"logTime": "0612/132137", "correlationVector":"7cCTlAbayKuYYqORxiuNKQ.2","action":"ProcessGetUpdates", "result":"Done", "context":{"dataType":"History", "deleted":"0", "process_failed_to_decrypt":"0", "process_pending_decryption":"0", "process_success":"250", "total":"250"}}
{"logTime": "0612/132137", "correlationVector":"7cCTlAbayKuYYqORxiuNKQ.3","action":"GetUpdates Response", "result":"Success", "context":Received 250 update(s). cV=7cCTlAbayKuYYqORxiuNKQ.0;server=akswtt10500005b;cloudType=Consumer;environment=Prod_southindia_prod-s01-004-apac-southindia;migrationStage=NotStarted Some updates remain.}
{"logTime": "0612/132137", "correlationVector":"Ye0hNSVUQBQ7VzjCNxXmwO","action":"Initial GetUpdates", "result":"", "context":Reason: NEWLY_SUPPORTED_DATATYPE. cV=Ye0hNSVUQBQ7VzjCNxXmwO}
{"logTime": "0612/132138", "correlationVector":"Ye0hNSVUQBQ7VzjCNxXmwO.1","action":"SyncServerConnectionManagerRequest", "result":"SYNC_SERVER_OK", "context":{"environment":"Prod_southindia_prod-s01-004-apac-southindia", "migrationStage":"NotStarted", "server":"akswtt10500005c"}}
{"logTime": "0612/132138", "correlationVector":"Ye0hNSVUQBQ7VzjCNxXmwO.2","action":"ProcessGetUpdates", "result":"Done", "context":{"dataType":"History", "deleted":"0", "process_failed_to_decrypt":"0", "process_pending_decryption":"0", "process_success":"250", "total":"250"}}
{"logTime": "0612/132138", "correlationVector":"Ye0hNSVUQBQ7VzjCNxXmwO.3","action":"GetUpdates Response", "result":"Success", "context":Received 250 update(s). cV=Ye0hNSVUQBQ7VzjCNxXmwO.0;server=akswtt10500005c;cloudType=Consumer;environment=Prod_southindia_prod-s01-004-apac-southindia;migrationStage=NotStarted Some updates remain.}
{"logTime": "0612/132138", "correlationVector":"5pxL05FKKRF9jEKRTB2W+l","action":"Initial GetUpdates", "result":"", "context":Reason: NEWLY_SUPPORTED_DATATYPE. cV=5pxL05FKKRF9jEKRTB2W+l}
{"logTime": "0612/132139", "correlationVector":"5pxL05FKKRF9jEKRTB2W+l.1","action":"SyncServerConnectionManagerRequest", "result":"SYNC_SERVER_OK", "context":{"environment":"Prod_southindia_prod-s01-004-apac-southindia", "migrationStage":"NotStarted", "server":"akswtt10500005b"}}
{"logTime": "0612/132139", "correlationVector":"5pxL05FKKRF9jEKRTB2W+l.2","action":"ProcessGetUpdates", "result":"Done", "context":{"dataType":"History", "deleted":"0", "process_failed_to_decrypt":"0", "process_pending_decryption":"0", "process_success":"250", "total":"250"}}
{"logTime": "0612/132139", "correlationVector":"5pxL05FKKRF9jEKRTB2W+l.3","action":"GetUpdates Response", "result":"Success", "context":Received 250 update(s). cV=5pxL05FKKRF9jEKRTB2W+l.0;server=akswtt10500005b;cloudType=Consumer;environment=Prod_southindia_prod-s01-004-apac-southindia;migrationStage=NotStarted Some updates remain.}
{"logTime": "0612/132139", "correlationVector":"9anb7LBvzEdu/520C9v6BU","action":"Initial GetUpdates", "result":"", "context":Reason: NEWLY_SUPPORTED_DATATYPE. cV=9anb7LBvzEdu/520C9v6BU}
{"logTime": "0612/132140", "correlationVector":"9anb7LBvzEdu/520C9v6BU.1","action":"SyncServerConnectionManagerRequest", "result":"SYNC_SERVER_OK", "context":{"environment":"Prod_southindia_prod-s01-004-apac-southindia", "migrationStage":"NotStarted", "server":"akswtt105000057"}}
{"logTime": "0612/132140", "correlationVector":"9anb7LBvzEdu/520C9v6BU.2","action":"ProcessGetUpdates", "result":"Done", "context":{"dataType":"History", "deleted":"0", "process_failed_to_decrypt":"0", "process_pending_decryption":"0", "process_success":"250", "total":"250"}}
{"logTime": "0612/132140", "correlationVector":"9anb7LBvzEdu/520C9v6BU.3","action":"GetUpdates Response", "result":"Success", "context":Received 250 update(s). cV=9anb7LBvzEdu/520C9v6BU.0;server=akswtt105000057;cloudType=Consumer;environment=Prod_southindia_prod-s01-004-apac-southindia;migrationStage=NotStarted Some updates remain.}
{"logTime": "0612/132140", "correlationVector":"5DzAhLQPu3yuxyqxoF2fy3","action":"Initial GetUpdates", "result":"", "context":Reason: NEWLY_SUPPORTED_DATATYPE. cV=5DzAhLQPu3yuxyqxoF2fy3}
{"logTime": "0612/132141", "correlationVector":"5DzAhLQPu3yuxyqxoF2fy3.1","action":"SyncServerConnectionManagerRequest", "result":"SYNC_SERVER_OK", "context":{"environment":"Prod_southindia_prod-s01-004-apac-southindia", "migrationStage":"NotStarted", "server":"akswtt10500005u"}}
{"logTime": "0612/132141", "correlationVector":"5DzAhLQPu3yuxyqxoF2fy3.2","action":"ProcessGetUpdates", "result":"Done", "context":{"dataType":"History", "deleted":"0", "process_failed_to_decrypt":"0", "process_pending_decryption":"0", "process_success":"250", "total":"250"}}
{"logTime": "0612/132141", "correlationVector":"5DzAhLQPu3yuxyqxoF2fy3.3","action":"GetUpdates Response", "result":"Success", "context":Received 250 update(s). cV=5DzAhLQPu3yuxyqxoF2fy3.0;server=akswtt10500005u;cloudType=Consumer;environment=Prod_southindia_prod-s01-004-apac-southindia;migrationStage=NotStarted Some updates remain.}
{"logTime": "0612/132141", "correlationVector":"8rYBBxWwk/Z3gLemT8Idbs","action":"Initial GetUpdates", "result":"", "context":Reason: NEWLY_SUPPORTED_DATATYPE. cV=8rYBBxWwk/Z3gLemT8Idbs}
{"logTime": "0612/132143", "correlationVector":"8rYBBxWwk/Z3gLemT8Idbs.1","action":"SyncServerConnectionManagerRequest", "result":"SYNC_SERVER_OK", "context":{"environment":"Prod_southindia_prod-s01-004-apac-southindia", "migrationStage":"NotStarted", "server":"akswtt10500005n"}}
{"logTime": "0612/132143", "correlationVector":"8rYBBxWwk/Z3gLemT8Idbs.2","action":"ProcessGetUpdates", "result":"Done", "context":{"dataType":"History", "deleted":"0", "process_failed_to_decrypt":"0", "process_pending_decryption":"0", "process_success":"250", "total":"250"}}
{"logTime": "0612/132143", "correlationVector":"8rYBBxWwk/Z3gLemT8Idbs.3","action":"GetUpdates Response", "result":"Success", "context":Received 250 update(s). cV=8rYBBxWwk/Z3gLemT8Idbs.0;server=akswtt10500005n;cloudType=Consumer;environment=Prod_southindia_prod-s01-004-apac-southindia;migrationStage=NotStarted Some updates remain.}
{"logTime": "0612/132143", "correlationVector":"/sVFzX0AcBKYIwGEHjInT/","action":"Initial GetUpdates", "result":"", "context":Reason: NEWLY_SUPPORTED_DATATYPE. cV=/sVFzX0AcBKYIwGEHjInT/}
{"logTime": "0612/132144", "correlationVector":"/sVFzX0AcBKYIwGEHjInT/.1","action":"SyncServerConnectionManagerRequest", "result":"SYNC_SERVER_OK", "context":{"environment":"Prod_southindia_prod-s01-004-apac-southindia", "migrationStage":"NotStarted", "server":"akswtt105000044"}}
{"logTime": "0612/132144", "correlationVector":"/sVFzX0AcBKYIwGEHjInT/.2","action":"ProcessGetUpdates", "result":"Done", "context":{"dataType":"History", "deleted":"0", "process_failed_to_decrypt":"0", "process_pending_decryption":"0", "process_success":"250", "total":"250"}}
{"logTime": "0612/132144", "correlationVector":"/sVFzX0AcBKYIwGEHjInT/.3","action":"GetUpdates Response", "result":"Success", "context":Received 250 update(s). cV=/sVFzX0AcBKYIwGEHjInT/.0;server=akswtt105000044;cloudType=Consumer;environment=Prod_southindia_prod-s01-004-apac-southindia;migrationStage=NotStarted Some updates remain.}
{"logTime": "0612/132144", "correlationVector":"E3rJIroYEMNmfkuQ+6RzIk","action":"Initial GetUpdates", "result":"", "context":Reason: NEWLY_SUPPORTED_DATATYPE. cV=E3rJIroYEMNmfkuQ+6RzIk}
{"logTime": "0612/132144", "correlationVector":"E3rJIroYEMNmfkuQ+6RzIk.1","action":"SyncServerConnectionManagerRequest", "result":"SYNC_SERVER_OK", "context":{"environment":"Prod_southindia_prod-s01-004-apac-southindia", "migrationStage":"NotStarted", "server":"akswtt10500003q"}}
{"logTime": "0612/132144", "correlationVector":"E3rJIroYEMNmfkuQ+6RzIk.2","action":"ProcessGetUpdates", "result":"Done", "context":{"dataType":"History", "deleted":"0", "process_failed_to_decrypt":"0", "process_pending_decryption":"0", "process_success":"133", "total":"133"}}
{"logTime": "0612/132144", "correlationVector":"E3rJIroYEMNmfkuQ+6RzIk.3","action":"GetUpdates Response", "result":"Success", "context":Received 133 update(s). cV=E3rJIroYEMNmfkuQ+6RzIk.0;server=akswtt10500003q;cloudType=Consumer;environment=Prod_southindia_prod-s01-004-apac-southindia;migrationStage=NotStarted}
{"logTime": "0612/132144", "correlationVector":"PZb+TcpsGJ2erPKIy3g6OZ","action":"Normal GetUpdate request", "result":"", "context":cV=PZb+TcpsGJ2erPKIy3g6OZ
Nudged types: Sessions, Device Info, User Consents, Edge Hub App Usage
Refresh requested types: Bookmarks, Preferences, Passwords, Autofill Profiles, Autofill, Extensions, Sessions, Extension settings, History Delete Directives, Device Info, User Consents, Send Tab To Self, Web Apps, History, Saved Tab Group, WebAuthn Credentials, Edge E Drop, Edge Hub App Usage, Edge Wallet, Edge Workspace, Encryption Keys}
{"logTime": "0612/132145", "correlationVector":"PZb+TcpsGJ2erPKIy3g6OZ.1","action":"SyncServerConnectionManagerRequest", "result":"SYNC_SERVER_OK", "context":{"environment":"Prod_southindia_prod-s01-004-apac-southindia", "migrationStage":"NotStarted", "server":"akswtt10500004z"}}
{"logTime": "0612/132145", "correlationVector":"PZb+TcpsGJ2erPKIy3g6OZ.2","action":"GetUpdates Response", "result":"Success", "context":Received 0 update(s). cV=PZb+TcpsGJ2erPKIy3g6OZ.0;server=akswtt10500004z;cloudType=Consumer;environment=Prod_southindia_prod-s01-004-apac-southindia;migrationStage=NotStarted}
{"logTime": "0612/132145", "correlationVector":"J/tEFbnY0pWRKzgloD8KSM","action":"DoCompareDataConsistency requsted types: ", "result":"Bookmarks, Preferences, Passwords, Extensions, Extension settings, History Delete Directives, Send Tab To Self, Web Apps, History, Saved Tab Group, WebAuthn Credentials, Edge E Drop, Edge Wallet, Edge Workspace, Encryption Keys"}
{"logTime": "0612/132145", "correlationVector":"J/tEFbnY0pWRKzgloD8KSM.0","action":"CompareDataConsistency result: ", "result":"Compare result: Encryption Keys is consistent. local entities count is: 1 local entities hash is: IlX2mDaJEHkv94ZSDgwX6TxqIfk="}
{"logTime": "0612/132145", "correlationVector":"J/tEFbnY0pWRKzgloD8KSM.1","action":"CompareDataConsistency result: ", "result":"Compare result: Bookmarks is consistent. local entities count is: 1 local entities hash is: WWDbwJDLuJAuxLLEeUt52gPYMt0="}
{"logTime": "0612/132145", "correlationVector":"J/tEFbnY0pWRKzgloD8KSM.2","action":"CompareDataConsistency result: ", "result":"Compare result: Preferences is consistent. local entities count is: 74 local entities hash is: FzqJXG+gst/ez8HE8AehWDlA3jU="}
{"logTime": "0612/132145", "correlationVector":"J/tEFbnY0pWRKzgloD8KSM.3","action":"CompareDataConsistency result: ", "result":"Compare result: Extensions is consistent. local entities count is: 0 local entities hash is: "}
{"logTime": "0612/132145", "correlationVector":"J/tEFbnY0pWRKzgloD8KSM.4","action":"CompareDataConsistency result: ", "result":"Compare result: Extension settings is consistent. local entities count is: 0 local entities hash is: "}
{"logTime": "0612/132145", "correlationVector":"J/tEFbnY0pWRKzgloD8KSM.5","action":"CompareDataConsistency result: ", "result":"Compare result: History Delete Directives is consistent. local entities count is: 0 local entities hash is: "}
{"logTime": "0612/132145", "correlationVector":"J/tEFbnY0pWRKzgloD8KSM.6","action":"CompareDataConsistency result: ", "result":"Server did not send this Send Tab To Self local entities count is: 0 local entities hash is: "}
{"logTime": "0612/132145", "correlationVector":"J/tEFbnY0pWRKzgloD8KSM.7","action":"CompareDataConsistency result: ", "result":"Compare result: Web Apps is consistent. local entities count is: 0 local entities hash is: "}
{"logTime": "0612/132145", "correlationVector":"J/tEFbnY0pWRKzgloD8KSM.8","action":"CompareDataConsistency result: ", "result":"Server did not send this History local entities count is: 0 local entities hash is: "}
{"logTime": "0612/132145", "correlationVector":"J/tEFbnY0pWRKzgloD8KSM.9","action":"CompareDataConsistency result: ", "result":"Compare result: Saved Tab Group is consistent. local entities count is: 0 local entities hash is: "}
{"logTime": "0612/132145", "correlationVector":"J/tEFbnY0pWRKzgloD8KSM.10","action":"CompareDataConsistency result: ", "result":"Server did not send this WebAuthn Credentials local entities count is: 0 local entities hash is: "}
{"logTime": "0612/132145", "correlationVector":"J/tEFbnY0pWRKzgloD8KSM.11","action":"CompareDataConsistency result: ", "result":"Compare result: Edge E Drop is consistent. local entities count is: 0 local entities hash is: "}
{"logTime": "0612/132145", "correlationVector":"J/tEFbnY0pWRKzgloD8KSM.12","action":"CompareDataConsistency result: ", "result":"Compare result: Edge Wallet is consistent. local entities count is: 0 local entities hash is: "}
{"logTime": "0612/132145", "correlationVector":"J/tEFbnY0pWRKzgloD8KSM.13","action":"CompareDataConsistency result: ", "result":"Server did not send this Edge Workspace local entities count is: 0 local entities hash is: "}
{"logTime": "0612/132145", "correlationVector":"J/tEFbnY0pWRKzgloD8KSM.14","action":"CompareDataConsistency result: ", "result":"Compare result: Passwords is consistent. local entities count is: 28 local entities hash is: Hjxz75b3T9/Y8IKXc5BvvJCEiUQ="}
{"logTime": "0612/132145", "correlationVector":"Qjn82+Q02OKmyHxvv+k14O","action":"Commit Request", "result":"", "context":Item count: 5
Contributing types: Sessions, Device Info, User Consents, Edge Hub App Usage}
{"logTime": "0612/132146", "correlationVector":"Qjn82+Q02OKmyHxvv+k14O.1","action":"SyncServerConnectionManagerRequest", "result":"SYNC_SERVER_OK", "context":{"environment":"Prod_southindia_prod-s01-004-apac-southindia", "migrationStage":"NotStarted", "server":"akswtt10500005u"}}
{"logTime": "0612/132146", "correlationVector":"Qjn82+Q02OKmyHxvv+k14O.2","action":"Commit Response", "result":"Success", "context":Result: Success. cV=Qjn82+Q02OKmyHxvv+k14O.0;server=akswtt10500005u;cloudType=Consumer;environment=Prod_southindia_prod-s01-004-apac-southindia;migrationStage=NotStarted}
{"logTime": "0612/132146", "correlationVector":"","action":"DIAGNOSTIC_REQUEST|v1/diagnosticData/Diagnostic.SendCheckResult()|SUCCESS", "result":""}
