{"logTime": "0612/143445", "correlationVector":"09sKFGBItvX35tC7RZn1Pe.1","action":"SyncServerConnectionManagerRequest", "result":"SYNC_SERVER_OK", "context":{"environment":"Prod_southindia_prod-s01-004-apac-southindia", "migrationStage":"NotStarted", "server":"akswtt10500005o"}}
{"logTime": "0612/143445", "correlationVector":"09sKFGBItvX35tC7RZn1Pe.2","action":"ProcessGetUpdates", "result":"Done", "context":{"dataType":"Encryption Keys", "deleted":"0", "process_failed_to_decrypt":"0", "process_pending_decryption":"0", "process_success":"1", "total":"1"}}
{"logTime": "0612/143446", "correlationVector":"RDVda3FDu1WNf66PnA3cBF","action":"SyncServerConnectionManagerRequest", "result":"SYNC_SERVER_OK", "context":{"environment":"", "migrationStage":"", "server":""}}
{"logTime": "0612/143446", "correlationVector":"RDVda3FDu1WNf66PnA3cBF.0","action":"EncryptionKeysFetcher.DownloadKeys:", "result":"Success", "context":Key count: 3, Last key timestamp: 2025-12-24T04:31:24Z}
{"logTime": "0612/143446", "correlationVector":"RDVda3FDu1WNf66PnA3cBF.1","action":"EncryptionKeysManager::SetEncryptionKeys:", "result":"Success", "context":Key names[3]:[0QzXmSXDpH+9Wx7QMBQ6dwZjMSXgfFfn3Pi6aOWNDHcWrzcuwbw7PiuPHputDkMTbimT2iUjAUF6cQYo7pE+tg==][fbKNclCeo8YSkapaQh7rFogLyzR2MezzF5GqxQkW4k5GuTQT9O9QzUxUNxgaFBrgC1l1JCV4meJdd0abedzxWw==][YqXZgm9X+Rl0luOn7rH5aHK/GgXS56gxfyIQUCrsEYzaA5JwcrLxLGhDJ/ghhD1B66AOurg0VeR00DnGuyrx3A==]}
{"logTime": "0612/143446", "correlationVector":"RDVda3FDu1WNf66PnA3cBF.2","action":"EncryptionKeysManager::SetEncryptionKeysWithTimestamps:", "result":"Success", "context":Key timestamps[3]:[2024-12-28T06:42:46Z][2025-06-26T16:32:04Z][2025-12-24T04:31:24Z]}
{"logTime": "0612/143446", "correlationVector":"09sKFGBItvX35tC7RZn1Pe","action":"Initial GetUpdates", "result":"", "context":Reason: NEW_CLIENT. cV=09sKFGBItvX35tC7RZn1Pe}
{"logTime": "0612/143446", "correlationVector":"09sKFGBItvX35tC7RZn1Pe.3","action":"GetUpdates Response", "result":"Success", "context":Received 1 update(s). cV=09sKFGBItvX35tC7RZn1Pe.0;server=akswtt10500005o;cloudType=Consumer;environment=Prod_southindia_prod-s01-004-apac-southindia;migrationStage=NotStarted}
{"logTime": "0612/143446", "correlationVector":"DzmJW7l06weI/7JPoQFf/z","action":"Initial GetUpdates", "result":"", "context":Reason: NEWLY_SUPPORTED_DATATYPE. cV=DzmJW7l06weI/7JPoQFf/z}
{"logTime": "0612/143446", "correlationVector":"DzmJW7l06weI/7JPoQFf/z.1","action":"SyncServerConnectionManagerRequest", "result":"SYNC_SERVER_OK", "context":{"environment":"Prod_southindia_prod-s01-004-apac-southindia", "migrationStage":"NotStarted", "server":"akswtt105000040"}}
{"logTime": "0612/143446", "correlationVector":"DzmJW7l06weI/7JPoQFf/z.2","action":"ProcessGetUpdates", "result":"Done", "context":{"dataType":"Preferences", "deleted":"0", "process_failed_to_decrypt":"0", "process_pending_decryption":"0", "process_success":"74", "total":"74"}}
{"logTime": "0612/143446", "correlationVector":"DzmJW7l06weI/7JPoQFf/z.3","action":"ProcessGetUpdates", "result":"Done", "context":{"dataType":"Passwords", "deleted":"0", "process_failed_to_decrypt":"0", "process_pending_decryption":"0", "process_success":"28", "total":"28"}}
{"logTime": "0612/143446", "correlationVector":"DzmJW7l06weI/7JPoQFf/z.4","action":"ProcessGetUpdates", "result":"Done", "context":{"dataType":"Device Info", "deleted":"0", "process_failed_to_decrypt":"0", "process_pending_decryption":"0", "process_success":"4", "total":"4"}}
{"logTime": "0612/143447", "correlationVector":"DzmJW7l06weI/7JPoQFf/z.5","action":"GetUpdates Response", "result":"Success", "context":Received 106 update(s). cV=DzmJW7l06weI/7JPoQFf/z.0;server=akswtt105000040;cloudType=Consumer;environment=Prod_southindia_prod-s01-004-apac-southindia;migrationStage=NotStarted}
{"logTime": "0612/143447", "correlationVector":"6d6v3pD+vVG6WadD2DdDZ4","action":"Initial GetUpdates", "result":"", "context":Reason: NEWLY_SUPPORTED_DATATYPE. cV=6d6v3pD+vVG6WadD2DdDZ4}
{"logTime": "0612/143447", "correlationVector":"6d6v3pD+vVG6WadD2DdDZ4.1","action":"SyncServerConnectionManagerRequest", "result":"SYNC_SERVER_OK", "context":{"environment":"Prod_southindia_prod-s01-004-apac-southindia", "migrationStage":"NotStarted", "server":"akswtt10500005q"}}
{"logTime": "0612/143447", "correlationVector":"6d6v3pD+vVG6WadD2DdDZ4.2","action":"ProcessGetUpdates", "result":"Done", "context":{"dataType":"Bookmarks", "deleted":"2", "process_failed_to_decrypt":"0", "process_pending_decryption":"0", "process_success":"9", "total":"9"}}
{"logTime": "0612/143447", "correlationVector":"6d6v3pD+vVG6WadD2DdDZ4.3","action":"GetUpdates Response", "result":"Success", "context":Received 9 update(s). cV=6d6v3pD+vVG6WadD2DdDZ4.0;server=akswtt10500005q;cloudType=Consumer;environment=Prod_southindia_prod-s01-004-apac-southindia;migrationStage=NotStarted}
{"logTime": "0612/143447", "correlationVector":"6h7z8OjoG8IumiY6VnLImh","action":"Initial GetUpdates", "result":"", "context":Reason: NEWLY_SUPPORTED_DATATYPE. cV=6h7z8OjoG8IumiY6VnLImh}
{"logTime": "0612/143449", "correlationVector":"6h7z8OjoG8IumiY6VnLImh.1","action":"SyncServerConnectionManagerRequest", "result":"SYNC_SERVER_OK", "context":{"environment":"Prod_southindia_prod-s01-004-apac-southindia", "migrationStage":"NotStarted", "server":"akswtt10500003t"}}
{"logTime": "0612/143449", "correlationVector":"6h7z8OjoG8IumiY6VnLImh.2","action":"ProcessGetUpdates", "result":"Done", "context":{"dataType":"Autofill Profiles", "deleted":"0", "process_failed_to_decrypt":"0", "process_pending_decryption":"0", "process_success":"1", "total":"1"}}
{"logTime": "0612/143449", "correlationVector":"6h7z8OjoG8IumiY6VnLImh.3","action":"ProcessGetUpdates", "result":"Done", "context":{"dataType":"Autofill", "deleted":"0", "process_failed_to_decrypt":"0", "process_pending_decryption":"0", "process_success":"246", "total":"246"}}
{"logTime": "0612/143449", "correlationVector":"6h7z8OjoG8IumiY6VnLImh.4","action":"ProcessGetUpdates", "result":"Done", "context":{"dataType":"Saved Tab Group", "deleted":"3", "process_failed_to_decrypt":"0", "process_pending_decryption":"0", "process_success":"3", "total":"3"}}
{"logTime": "0612/143449", "correlationVector":"6h7z8OjoG8IumiY6VnLImh.5","action":"GetUpdates Response", "result":"Success", "context":Received 250 update(s). cV=6h7z8OjoG8IumiY6VnLImh.0;server=akswtt10500003t;cloudType=Consumer;environment=Prod_southindia_prod-s01-004-apac-southindia;migrationStage=NotStarted Some updates remain.}
{"logTime": "0612/143449", "correlationVector":"mldOn580qAMRW04nbMO2vH","action":"Initial GetUpdates", "result":"", "context":Reason: NEWLY_SUPPORTED_DATATYPE. cV=mldOn580qAMRW04nbMO2vH}
{"logTime": "0612/143449", "correlationVector":"mldOn580qAMRW04nbMO2vH.1","action":"SyncServerConnectionManagerRequest", "result":"SYNC_SERVER_OK", "context":{"environment":"Prod_southindia_prod-s01-004-apac-southindia", "migrationStage":"NotStarted", "server":"akswtt10500004c"}}
{"logTime": "0612/143449", "correlationVector":"mldOn580qAMRW04nbMO2vH.2","action":"ProcessGetUpdates", "result":"Done", "context":{"dataType":"Autofill Profiles", "deleted":"0", "process_failed_to_decrypt":"0", "process_pending_decryption":"0", "process_success":"2", "total":"2"}}
{"logTime": "0612/143449", "correlationVector":"mldOn580qAMRW04nbMO2vH.3","action":"ProcessGetUpdates", "result":"Done", "context":{"dataType":"Autofill", "deleted":"0", "process_failed_to_decrypt":"0", "process_pending_decryption":"0", "process_success":"38", "total":"38"}}
{"logTime": "0612/143449", "correlationVector":"mldOn580qAMRW04nbMO2vH.4","action":"ProcessGetUpdates", "result":"Done", "context":{"dataType":"Sessions", "deleted":"165", "process_failed_to_decrypt":"0", "process_pending_decryption":"0", "process_success":"168", "total":"168"}}
{"logTime": "0612/143449", "correlationVector":"mldOn580qAMRW04nbMO2vH.5","action":"ProcessGetUpdates", "result":"Done", "context":{"dataType":"Saved Tab Group", "deleted":"5", "process_failed_to_decrypt":"0", "process_pending_decryption":"0", "process_success":"5", "total":"5"}}
{"logTime": "0612/143449", "correlationVector":"mldOn580qAMRW04nbMO2vH.6","action":"ProcessGetUpdates", "result":"Done", "context":{"dataType":"Edge Hub App Usage", "deleted":"8", "process_failed_to_decrypt":"0", "process_pending_decryption":"0", "process_success":"19", "total":"19"}}
{"logTime": "0612/143449", "correlationVector":"mldOn580qAMRW04nbMO2vH.7","action":"GetUpdates Response", "result":"Success", "context":Received 232 update(s). cV=mldOn580qAMRW04nbMO2vH.0;server=akswtt10500004c;cloudType=Consumer;environment=Prod_southindia_prod-s01-004-apac-southindia;migrationStage=NotStarted}
{"logTime": "0612/143449", "correlationVector":"yLYGRkdf9lLvgqqE6E/mIU","action":"Initial GetUpdates", "result":"", "context":Reason: NEWLY_SUPPORTED_DATATYPE. cV=yLYGRkdf9lLvgqqE6E/mIU}
{"logTime": "0612/143450", "correlationVector":"yLYGRkdf9lLvgqqE6E/mIU.1","action":"SyncServerConnectionManagerRequest", "result":"SYNC_SERVER_OK", "context":{"environment":"Prod_southindia_prod-s01-004-apac-southindia", "migrationStage":"NotStarted", "server":"akswtt105000046"}}
{"logTime": "0612/143450", "correlationVector":"yLYGRkdf9lLvgqqE6E/mIU.2","action":"ProcessGetUpdates", "result":"Done", "context":{"dataType":"History", "deleted":"0", "process_failed_to_decrypt":"0", "process_pending_decryption":"0", "process_success":"250", "total":"250"}}
{"logTime": "0612/143450", "correlationVector":"yLYGRkdf9lLvgqqE6E/mIU.3","action":"GetUpdates Response", "result":"Success", "context":Received 250 update(s). cV=yLYGRkdf9lLvgqqE6E/mIU.0;server=akswtt105000046;cloudType=Consumer;environment=Prod_southindia_prod-s01-004-apac-southindia;migrationStage=NotStarted Some updates remain.}
{"logTime": "0612/143450", "correlationVector":"69H2mAvSRiYplpzOIx4KD3","action":"Initial GetUpdates", "result":"", "context":Reason: NEWLY_SUPPORTED_DATATYPE. cV=69H2mAvSRiYplpzOIx4KD3}
{"logTime": "0612/143451", "correlationVector":"69H2mAvSRiYplpzOIx4KD3.1","action":"SyncServerConnectionManagerRequest", "result":"SYNC_SERVER_OK", "context":{"environment":"Prod_southindia_prod-s01-004-apac-southindia", "migrationStage":"NotStarted", "server":"akswtt10500005c"}}
{"logTime": "0612/143451", "correlationVector":"69H2mAvSRiYplpzOIx4KD3.2","action":"ProcessGetUpdates", "result":"Done", "context":{"dataType":"History", "deleted":"0", "process_failed_to_decrypt":"0", "process_pending_decryption":"0", "process_success":"250", "total":"250"}}
{"logTime": "0612/143451", "correlationVector":"69H2mAvSRiYplpzOIx4KD3.3","action":"GetUpdates Response", "result":"Success", "context":Received 250 update(s). cV=69H2mAvSRiYplpzOIx4KD3.0;server=akswtt10500005c;cloudType=Consumer;environment=Prod_southindia_prod-s01-004-apac-southindia;migrationStage=NotStarted Some updates remain.}
{"logTime": "0612/143451", "correlationVector":"tGHl52jfNT08SCh1uqPAP3","action":"Initial GetUpdates", "result":"", "context":Reason: NEWLY_SUPPORTED_DATATYPE. cV=tGHl52jfNT08SCh1uqPAP3}
{"logTime": "0612/143452", "correlationVector":"tGHl52jfNT08SCh1uqPAP3.1","action":"SyncServerConnectionManagerRequest", "result":"SYNC_SERVER_OK", "context":{"environment":"Prod_southindia_prod-s01-004-apac-southindia", "migrationStage":"NotStarted", "server":"akswtt10500003f"}}
{"logTime": "0612/143452", "correlationVector":"tGHl52jfNT08SCh1uqPAP3.2","action":"ProcessGetUpdates", "result":"Done", "context":{"dataType":"History", "deleted":"0", "process_failed_to_decrypt":"0", "process_pending_decryption":"0", "process_success":"250", "total":"250"}}
{"logTime": "0612/143452", "correlationVector":"tGHl52jfNT08SCh1uqPAP3.3","action":"GetUpdates Response", "result":"Success", "context":Received 250 update(s). cV=tGHl52jfNT08SCh1uqPAP3.0;server=akswtt10500003f;cloudType=Consumer;environment=Prod_southindia_prod-s01-004-apac-southindia;migrationStage=NotStarted Some updates remain.}
{"logTime": "0612/143452", "correlationVector":"JyBXCt6O2AspkPLyhofdgi","action":"Initial GetUpdates", "result":"", "context":Reason: NEWLY_SUPPORTED_DATATYPE. cV=JyBXCt6O2AspkPLyhofdgi}
{"logTime": "0612/143453", "correlationVector":"JyBXCt6O2AspkPLyhofdgi.1","action":"SyncServerConnectionManagerRequest", "result":"SYNC_SERVER_OK", "context":{"environment":"Prod_southindia_prod-s01-004-apac-southindia", "migrationStage":"NotStarted", "server":"akswtt10500005r"}}
{"logTime": "0612/143453", "correlationVector":"JyBXCt6O2AspkPLyhofdgi.2","action":"ProcessGetUpdates", "result":"Done", "context":{"dataType":"History", "deleted":"0", "process_failed_to_decrypt":"0", "process_pending_decryption":"0", "process_success":"250", "total":"250"}}
{"logTime": "0612/143453", "correlationVector":"JyBXCt6O2AspkPLyhofdgi.3","action":"GetUpdates Response", "result":"Success", "context":Received 250 update(s). cV=JyBXCt6O2AspkPLyhofdgi.0;server=akswtt10500005r;cloudType=Consumer;environment=Prod_southindia_prod-s01-004-apac-southindia;migrationStage=NotStarted Some updates remain.}
{"logTime": "0612/143453", "correlationVector":"xKV4stixsKNUaaRFdTQ4W/","action":"Initial GetUpdates", "result":"", "context":Reason: NEWLY_SUPPORTED_DATATYPE. cV=xKV4stixsKNUaaRFdTQ4W/}
{"logTime": "0612/143454", "correlationVector":"xKV4stixsKNUaaRFdTQ4W/.1","action":"SyncServerConnectionManagerRequest", "result":"SYNC_SERVER_OK", "context":{"environment":"Prod_southindia_prod-s01-004-apac-southindia", "migrationStage":"NotStarted", "server":"akswtt10500003b"}}
{"logTime": "0612/143454", "correlationVector":"xKV4stixsKNUaaRFdTQ4W/.2","action":"ProcessGetUpdates", "result":"Done", "context":{"dataType":"History", "deleted":"0", "process_failed_to_decrypt":"0", "process_pending_decryption":"0", "process_success":"250", "total":"250"}}
{"logTime": "0612/143454", "correlationVector":"xKV4stixsKNUaaRFdTQ4W/.3","action":"GetUpdates Response", "result":"Success", "context":Received 250 update(s). cV=xKV4stixsKNUaaRFdTQ4W/.0;server=akswtt10500003b;cloudType=Consumer;environment=Prod_southindia_prod-s01-004-apac-southindia;migrationStage=NotStarted Some updates remain.}
{"logTime": "0612/143454", "correlationVector":"uNQdbv6EwC5jqcSid8FysX","action":"Initial GetUpdates", "result":"", "context":Reason: NEWLY_SUPPORTED_DATATYPE. cV=uNQdbv6EwC5jqcSid8FysX}
{"logTime": "0612/143455", "correlationVector":"uNQdbv6EwC5jqcSid8FysX.1","action":"SyncServerConnectionManagerRequest", "result":"SYNC_SERVER_OK", "context":{"environment":"Prod_southindia_prod-s01-004-apac-southindia", "migrationStage":"NotStarted", "server":"akswtt10500005o"}}
{"logTime": "0612/143455", "correlationVector":"uNQdbv6EwC5jqcSid8FysX.2","action":"ProcessGetUpdates", "result":"Done", "context":{"dataType":"History", "deleted":"0", "process_failed_to_decrypt":"0", "process_pending_decryption":"0", "process_success":"250", "total":"250"}}
{"logTime": "0612/143455", "correlationVector":"uNQdbv6EwC5jqcSid8FysX.3","action":"GetUpdates Response", "result":"Success", "context":Received 250 update(s). cV=uNQdbv6EwC5jqcSid8FysX.0;server=akswtt10500005o;cloudType=Consumer;environment=Prod_southindia_prod-s01-004-apac-southindia;migrationStage=NotStarted Some updates remain.}
{"logTime": "0612/143455", "correlationVector":"DGi05F+clbxU0b2dGXT3mv","action":"Initial GetUpdates", "result":"", "context":Reason: NEWLY_SUPPORTED_DATATYPE. cV=DGi05F+clbxU0b2dGXT3mv}
{"logTime": "0612/143456", "correlationVector":"DGi05F+clbxU0b2dGXT3mv.1","action":"SyncServerConnectionManagerRequest", "result":"SYNC_SERVER_OK", "context":{"environment":"Prod_southindia_prod-s01-004-apac-southindia", "migrationStage":"NotStarted", "server":"akswtt105000057"}}
{"logTime": "0612/143456", "correlationVector":"DGi05F+clbxU0b2dGXT3mv.2","action":"ProcessGetUpdates", "result":"Done", "context":{"dataType":"History", "deleted":"0", "process_failed_to_decrypt":"0", "process_pending_decryption":"0", "process_success":"250", "total":"250"}}
{"logTime": "0612/143456", "correlationVector":"DGi05F+clbxU0b2dGXT3mv.3","action":"GetUpdates Response", "result":"Success", "context":Received 250 update(s). cV=DGi05F+clbxU0b2dGXT3mv.0;server=akswtt105000057;cloudType=Consumer;environment=Prod_southindia_prod-s01-004-apac-southindia;migrationStage=NotStarted Some updates remain.}
{"logTime": "0612/143456", "correlationVector":"g3q7yFYiB6mEQWWkMcg4Tw","action":"Initial GetUpdates", "result":"", "context":Reason: NEWLY_SUPPORTED_DATATYPE. cV=g3q7yFYiB6mEQWWkMcg4Tw}
